<?xml version="1.0" encoding="UTF-8"?>
<!-- Generated by org.testng.reporters.JUnitXMLReporter -->
<testsuite ignored="2" hostname="DESKTOP-915JV3T" failures="1" tests="2" name="Default test(failed)" time="0.054" errors="0" timestamp="2022-08-26T22:32:44 IST">
  <testcase classname="TestNG.Ex12FailedTC" name="Tc3" time="0.007">
    <failure type="java.lang.Error" message="Unresolved compilation problem: 
	Syntax error, insert &amp;quot;;&amp;quot; to complete BlockStatements
">
      <![CDATA[java.lang.Error: Unresolved compilation problem: 
Syntax error, insert ";" to complete BlockStatements

at TestNG.Ex12FailedTC.Tc3(Ex12FailedTC.java:17)
at java.base/java.util.ArrayList.forEach(ArrayList.java:1541)
... Removed 27 stack frames]]>
    </failure>
  </testcase> <!-- Tc3 -->
  <testcase classname="TestNG.Ex12FailedTC" name="Tc2" time="0.001"/>
  <testcase classname="TestNG.Ex12FailedTC" name="Tc4" time="0.0">
    <ignored/>
  </testcase> <!-- Tc4 -->
  <testcase classname="TestNG.Ex12FailedTC" name="Tc1" time="0.0">
    <ignored/>
  </testcase> <!-- Tc1 -->
</testsuite> <!-- Default test(failed) -->
