<?xml version="1.0" encoding="UTF-8"?>
<!-- Generated by org.testng.reporters.JUnitXMLReporter -->
<testsuite ignored="0" hostname="DESKTOP-915JV3T" failures="0" tests="3" name="Test1" time="0.436" errors="0" timestamp="2022-10-13T22:21:58 IST">
  <testcase classname="TestNG_Practice.Ex5_Sample1_For_TestSuit" name="Tc1" time="0.114"/>
  <testcase classname="TestNG_Practice.Ex5_Sample1_For_TestSuit" name="Tc2" time="0.002"/>
  <testcase classname="TestNG_Practice.Ex5_Sample1_For_TestSuit" name="Tc3" time="0.0"/>
</testsuite> <!-- Test1 -->

