<?xml version="1.0" encoding="UTF-8"?>
<!-- Generated by org.testng.reporters.JUnitXMLReporter -->
<testsuite ignored="0" hostname="DESKTOP-915JV3T" failures="0" tests="5" name="Test2" time="0.527" errors="0" timestamp="2022-10-13T22:21:58 IST">
  <testcase classname="TestNG_Practice.Ex5_Sample2_For_TestSuit" name="Tc5" time="0.111"/>
  <testcase classname="TestNG_Practice.Ex5_Sample2_For_TestSuit" name="Tc5" time="0.001"/>
  <testcase classname="TestNG_Practice.Ex5_Sample2_For_TestSuit" name="Tc5" time="0.001"/>
  <testcase classname="TestNG_Practice.Ex5_Sample2_For_TestSuit" name="Tc6" time="0.006"/>
  <testcase classname="TestNG_Practice.Ex5_Sample2_For_TestSuit" name="Tc4" time="0.001"/>
</testsuite> <!-- Test2 -->
