<?xml version="1.0" encoding="UTF-8"?>
<!-- Generated by org.testng.reporters.JUnitXMLReporter -->
<testsuite ignored="3" hostname="DESKTOP-915JV3T" failures="0" tests="1" name="Default test(failed)(failed)" time="0.064" errors="0" timestamp="2024-03-03T15:11:04 IST">
  <testcase classname="TestNG.Ex12FailedTC" name="Tc3" time="0.013"/>
  <testcase classname="TestNG.Ex12FailedTC" name="Tc4" time="0.0">
    <ignored/>
  </testcase> <!-- Tc4 -->
  <testcase classname="TestNG.Ex12FailedTC" name="Tc1" time="0.0">
    <ignored/>
  </testcase> <!-- Tc1 -->
  <testcase classname="TestNG.Ex12FailedTC" name="Tc2" time="0.0">
    <ignored/>
  </testcase> <!-- Tc2 -->
</testsuite> <!-- Default test(failed)(failed) -->
