<?xml version="1.0" encoding="UTF-8"?>
<testng-results ignored="0" total="1" passed="1" failed="0" skipped="0">
  <reporter-output>
  </reporter-output>
  <suite started-at="2024-03-04T08:00:35 IST" name="Suite" finished-at="2024-03-04T08:00:42 IST" duration-ms="6699">
    <groups>
    </groups>
    <test started-at="2024-03-04T08:00:35 IST" name="Test" finished-at="2024-03-04T08:00:42 IST" duration-ms="6699">
      <class name="TestNG.MultiBrawser">
        <test-method signature="Tc1(java.lang.String)[pri:0, instance:TestNG.MultiBrawser@611889f4]" started-at="2024-03-04T08:00:35 IST" name="Tc1" finished-at="2024-03-04T08:00:42 IST" duration-ms="6643" status="PASS">
          <params>
            <param index="0">
              <value>
                <![CDATA[FireFox]]>
              </value>
            </param>
          </params>
          <reporter-output>
          </reporter-output>
        </test-method> <!-- Tc1 -->
      </class> <!-- TestNG.MultiBrawser -->
    </test> <!-- Test -->
  </suite> <!-- Suite -->
</testng-results>
